{"/Users/n/code/imgresizer/imagemagic/lib/imageresizer.js":{"path":"/Users/n/code/imgresizer/imagemagic/lib/imageresizer.js","s":{"1":1,"2":1,"3":1,"4":1,"5":5,"6":5,"7":5,"8":4,"9":1,"10":5,"11":4,"12":1,"13":1,"14":7,"15":7,"16":7,"17":3,"18":3,"19":4,"20":1,"21":2,"22":2,"23":2,"24":1,"25":2,"26":2,"27":2,"28":2,"29":1,"30":3,"31":3,"32":3,"33":1,"34":1,"35":2,"36":1,"37":1,"38":1,"39":2,"40":1},"b":{"1":[4,1],"2":[4,1],"3":[3,4],"4":[7,3],"5":[1,1],"6":[2,2],"7":[1,2],"8":[3,3,3],"9":[1,1],"10":[2,2,2]},"f":{"1":5,"2":7,"3":2,"4":3},"fnMap":{"1":{"name":"(anonymous_1)","line":18,"loc":{"start":{"line":18,"column":32},"end":{"line":18,"column":51}}},"2":{"name":"(anonymous_2)","line":44,"loc":{"start":{"line":44,"column":40},"end":{"line":44,"column":63}}},"3":{"name":"(anonymous_3)","line":68,"loc":{"start":{"line":68,"column":33},"end":{"line":68,"column":60}}},"4":{"name":"(anonymous_4)","line":91,"loc":{"start":{"line":91,"column":40},"end":{"line":91,"column":68}}}},"statementMap":{"1":{"start":{"line":2,"column":0},"end":{"line":2,"column":7}},"2":{"start":{"line":4,"column":0},"end":{"line":4,"column":8}},"3":{"start":{"line":6,"column":0},"end":{"line":6,"column":44}},"4":{"start":{"line":18,"column":0},"end":{"line":31,"column":2}},"5":{"start":{"line":19,"column":2},"end":{"line":19,"column":24}},"6":{"start":{"line":20,"column":2},"end":{"line":20,"column":34}},"7":{"start":{"line":21,"column":2},"end":{"line":25,"column":3}},"8":{"start":{"line":22,"column":4},"end":{"line":22,"column":59}},"9":{"start":{"line":24,"column":4},"end":{"line":24,"column":19}},"10":{"start":{"line":26,"column":2},"end":{"line":30,"column":3}},"11":{"start":{"line":27,"column":4},"end":{"line":27,"column":18}},"12":{"start":{"line":29,"column":4},"end":{"line":29,"column":17}},"13":{"start":{"line":44,"column":0},"end":{"line":53,"column":2}},"14":{"start":{"line":45,"column":2},"end":{"line":45,"column":26}},"15":{"start":{"line":46,"column":2},"end":{"line":46,"column":77}},"16":{"start":{"line":47,"column":2},"end":{"line":52,"column":3}},"17":{"start":{"line":48,"column":4},"end":{"line":48,"column":50}},"18":{"start":{"line":49,"column":4},"end":{"line":49,"column":51}},"19":{"start":{"line":51,"column":4},"end":{"line":51,"column":16}},"20":{"start":{"line":68,"column":0},"end":{"line":78,"column":2}},"21":{"start":{"line":69,"column":2},"end":{"line":69,"column":74}},"22":{"start":{"line":70,"column":2},"end":{"line":70,"column":46}},"23":{"start":{"line":71,"column":2},"end":{"line":73,"column":3}},"24":{"start":{"line":72,"column":4},"end":{"line":72,"column":72}},"25":{"start":{"line":74,"column":2},"end":{"line":74,"column":69}},"26":{"start":{"line":75,"column":2},"end":{"line":75,"column":64}},"27":{"start":{"line":76,"column":2},"end":{"line":76,"column":77}},"28":{"start":{"line":77,"column":2},"end":{"line":77,"column":34}},"29":{"start":{"line":91,"column":0},"end":{"line":104,"column":2}},"30":{"start":{"line":92,"column":2},"end":{"line":92,"column":9}},"31":{"start":{"line":93,"column":2},"end":{"line":93,"column":10}},"32":{"start":{"line":94,"column":2},"end":{"line":102,"column":3}},"33":{"start":{"line":95,"column":4},"end":{"line":95,"column":31}},"34":{"start":{"line":96,"column":4},"end":{"line":96,"column":54}},"35":{"start":{"line":97,"column":9},"end":{"line":102,"column":3}},"36":{"start":{"line":98,"column":4},"end":{"line":98,"column":33}},"37":{"start":{"line":99,"column":4},"end":{"line":99,"column":54}},"38":{"start":{"line":101,"column":4},"end":{"line":101,"column":17}},"39":{"start":{"line":103,"column":2},"end":{"line":103,"column":12}},"40":{"start":{"line":106,"column":0},"end":{"line":106,"column":20}}},"branchMap":{"1":{"line":21,"type":"if","locations":[{"start":{"line":21,"column":2},"end":{"line":21,"column":2}},{"start":{"line":21,"column":2},"end":{"line":21,"column":2}}]},"2":{"line":26,"type":"if","locations":[{"start":{"line":26,"column":2},"end":{"line":26,"column":2}},{"start":{"line":26,"column":2},"end":{"line":26,"column":2}}]},"3":{"line":47,"type":"if","locations":[{"start":{"line":47,"column":2},"end":{"line":47,"column":2}},{"start":{"line":47,"column":2},"end":{"line":47,"column":2}}]},"4":{"line":47,"type":"binary-expr","locations":[{"start":{"line":47,"column":6},"end":{"line":47,"column":20}},{"start":{"line":47,"column":24},"end":{"line":47,"column":39}}]},"5":{"line":71,"type":"if","locations":[{"start":{"line":71,"column":2},"end":{"line":71,"column":2}},{"start":{"line":71,"column":2},"end":{"line":71,"column":2}}]},"6":{"line":71,"type":"binary-expr","locations":[{"start":{"line":71,"column":6},"end":{"line":71,"column":30}},{"start":{"line":71,"column":34},"end":{"line":71,"column":53}}]},"7":{"line":94,"type":"if","locations":[{"start":{"line":94,"column":2},"end":{"line":94,"column":2}},{"start":{"line":94,"column":2},"end":{"line":94,"column":2}}]},"8":{"line":94,"type":"binary-expr","locations":[{"start":{"line":94,"column":6},"end":{"line":94,"column":34}},{"start":{"line":94,"column":38},"end":{"line":94,"column":54}},{"start":{"line":94,"column":58},"end":{"line":94,"column":77}}]},"9":{"line":97,"type":"if","locations":[{"start":{"line":97,"column":9},"end":{"line":97,"column":9}},{"start":{"line":97,"column":9},"end":{"line":97,"column":9}}]},"10":{"line":97,"type":"binary-expr","locations":[{"start":{"line":97,"column":13},"end":{"line":97,"column":42}},{"start":{"line":97,"column":46},"end":{"line":97,"column":63}},{"start":{"line":97,"column":67},"end":{"line":97,"column":87}}]}}}}