{"/Users/n/code/imgresizer/imagemagic/lib/imageresizer.js":{"path":"/Users/n/code/imgresizer/imagemagic/lib/imageresizer.js","s":{"1":1,"2":1,"3":1,"4":1,"5":4,"6":4,"7":4,"8":3,"9":1,"10":4,"11":2,"12":2,"13":1,"14":5,"15":5,"16":5,"17":2,"18":2,"19":3,"20":1},"b":{"1":[3,1],"2":[2,2],"3":[2,3],"4":[5,2]},"f":{"1":4,"2":5},"fnMap":{"1":{"name":"(anonymous_1)","line":18,"loc":{"start":{"line":18,"column":32},"end":{"line":18,"column":51}}},"2":{"name":"(anonymous_2)","line":44,"loc":{"start":{"line":44,"column":40},"end":{"line":44,"column":63}}}},"statementMap":{"1":{"start":{"line":2,"column":0},"end":{"line":2,"column":7}},"2":{"start":{"line":4,"column":0},"end":{"line":4,"column":8}},"3":{"start":{"line":6,"column":0},"end":{"line":6,"column":44}},"4":{"start":{"line":18,"column":0},"end":{"line":31,"column":2}},"5":{"start":{"line":19,"column":2},"end":{"line":19,"column":24}},"6":{"start":{"line":20,"column":2},"end":{"line":20,"column":34}},"7":{"start":{"line":21,"column":2},"end":{"line":25,"column":3}},"8":{"start":{"line":22,"column":4},"end":{"line":22,"column":59}},"9":{"start":{"line":24,"column":4},"end":{"line":24,"column":19}},"10":{"start":{"line":26,"column":2},"end":{"line":30,"column":3}},"11":{"start":{"line":27,"column":4},"end":{"line":27,"column":18}},"12":{"start":{"line":29,"column":4},"end":{"line":29,"column":17}},"13":{"start":{"line":44,"column":0},"end":{"line":53,"column":2}},"14":{"start":{"line":45,"column":2},"end":{"line":45,"column":26}},"15":{"start":{"line":46,"column":2},"end":{"line":46,"column":77}},"16":{"start":{"line":47,"column":2},"end":{"line":52,"column":3}},"17":{"start":{"line":48,"column":4},"end":{"line":48,"column":50}},"18":{"start":{"line":49,"column":4},"end":{"line":49,"column":51}},"19":{"start":{"line":51,"column":4},"end":{"line":51,"column":16}},"20":{"start":{"line":55,"column":0},"end":{"line":55,"column":20}}},"branchMap":{"1":{"line":21,"type":"if","locations":[{"start":{"line":21,"column":2},"end":{"line":21,"column":2}},{"start":{"line":21,"column":2},"end":{"line":21,"column":2}}]},"2":{"line":26,"type":"if","locations":[{"start":{"line":26,"column":2},"end":{"line":26,"column":2}},{"start":{"line":26,"column":2},"end":{"line":26,"column":2}}]},"3":{"line":47,"type":"if","locations":[{"start":{"line":47,"column":2},"end":{"line":47,"column":2}},{"start":{"line":47,"column":2},"end":{"line":47,"column":2}}]},"4":{"line":47,"type":"binary-expr","locations":[{"start":{"line":47,"column":6},"end":{"line":47,"column":20}},{"start":{"line":47,"column":24},"end":{"line":47,"column":39}}]}}}}