TN:
SF:/Users/n/code/imgresizer/imagemagic/lib/imageresizer.js
FN:18,(anonymous_1)
FN:44,(anonymous_2)
FN:68,(anonymous_3)
FN:91,(anonymous_4)
FNF:4
FNH:4
FNDA:5,(anonymous_1)
FNDA:7,(anonymous_2)
FNDA:2,(anonymous_3)
FNDA:3,(anonymous_4)
DA:2,1
DA:4,1
DA:6,1
DA:18,1
DA:19,5
DA:20,5
DA:21,5
DA:22,4
DA:24,1
DA:26,5
DA:27,4
DA:29,1
DA:44,1
DA:45,7
DA:46,7
DA:47,7
DA:48,3
DA:49,3
DA:51,4
DA:68,1
DA:69,2
DA:70,2
DA:71,2
DA:72,1
DA:74,2
DA:75,2
DA:76,2
DA:77,2
DA:91,1
DA:92,3
DA:93,3
DA:94,3
DA:95,1
DA:96,1
DA:97,2
DA:98,1
DA:99,1
DA:101,1
DA:103,2
DA:106,1
LF:40
LH:40
BRDA:21,1,0,4
BRDA:21,1,1,1
BRDA:26,2,0,4
BRDA:26,2,1,1
BRDA:47,3,0,3
BRDA:47,3,1,4
BRDA:47,4,0,7
BRDA:47,4,1,3
BRDA:71,5,0,1
BRDA:71,5,1,1
BRDA:71,6,0,2
BRDA:71,6,1,2
BRDA:94,7,0,1
BRDA:94,7,1,2
BRDA:94,8,0,3
BRDA:94,8,1,3
BRDA:94,8,2,3
BRDA:97,9,0,1
BRDA:97,9,1,1
BRDA:97,10,0,2
BRDA:97,10,1,2
BRDA:97,10,2,2
BRF:22
BRH:22
end_of_record
