TN:
SF:/Users/n/code/imgresizer/imagemagic/lib/imageresizer.js
FN:20,(anonymous_1)
FN:46,(anonymous_2)
FN:70,(anonymous_3)
FN:94,(anonymous_4)
FN:119,(anonymous_5)
FN:120,(anonymous_6)
FNF:6
FNH:4
FNDA:5,(anonymous_1)
FNDA:7,(anonymous_2)
FNDA:2,(anonymous_3)
FNDA:4,(anonymous_4)
FNDA:0,(anonymous_5)
FNDA:0,(anonymous_6)
DA:2,1
DA:4,1
DA:6,1
DA:20,1
DA:21,5
DA:22,5
DA:23,5
DA:24,4
DA:26,1
DA:28,5
DA:29,4
DA:31,1
DA:46,1
DA:47,7
DA:48,7
DA:49,7
DA:50,3
DA:51,3
DA:53,4
DA:70,1
DA:71,2
DA:72,2
DA:73,2
DA:74,1
DA:76,2
DA:77,2
DA:78,2
DA:79,2
DA:94,1
DA:95,4
DA:96,4
DA:97,1
DA:99,3
DA:100,3
DA:101,1
DA:102,1
DA:103,2
DA:104,1
DA:105,1
DA:107,1
DA:109,2
DA:119,1
DA:120,0
DA:121,0
DA:122,0
DA:123,0
DA:127,1
LF:47
LH:43
BRDA:23,1,0,4
BRDA:23,1,1,1
BRDA:28,2,0,4
BRDA:28,2,1,1
BRDA:49,3,0,3
BRDA:49,3,1,4
BRDA:49,4,0,7
BRDA:49,4,1,3
BRDA:73,5,0,1
BRDA:73,5,1,1
BRDA:73,6,0,2
BRDA:73,6,1,2
BRDA:96,7,0,1
BRDA:96,7,1,3
BRDA:96,8,0,4
BRDA:96,8,1,4
BRDA:96,8,2,4
BRDA:100,9,0,1
BRDA:100,9,1,2
BRDA:100,10,0,3
BRDA:100,10,1,3
BRDA:100,10,2,3
BRDA:103,11,0,1
BRDA:103,11,1,1
BRDA:103,12,0,2
BRDA:103,12,1,2
BRDA:103,12,2,2
BRF:27
BRH:27
end_of_record
